<?xml version="1.0" encoding="UTF-8"?>
<!-- Generated by org.testng.reporters.JUnitReportReporter -->
<testsuite hostname="exactpro-nb295" failures="0" tests="2" name="com.shop.dataproviders.DataProvidersSet" time="0.010" errors="0" timestamp="2024-02-07T06:53:19 IST" skipped="0">
  <testcase classname="com.shop.dataproviders.DataProvidersSet" name="checkLogin" time="0.009"/>
  <testcase classname="com.shop.dataproviders.DataProvidersSet" name="checkRegister" time="0.001"/>
</testsuite> <!-- com.shop.dataproviders.DataProvidersSet -->
