<?xml version="1.0" encoding="UTF-8"?>
<!-- Generated by org.testng.reporters.JUnitReportReporter -->
<testsuite hostname="exactpro-nb295" failures="0" tests="5" name="com.shop.tests.RegisterPageTest" time="9.686" errors="0" timestamp="2024-02-07T10:31:08 IST" skipped="0">
  <testcase classname="com.shop.tests.RegisterPageTest" name="validateUserLoginStatus" time="5.705"/>
  <testcase classname="com.shop.tests.RegisterPageTest" name="sendDataToForm" time="3.051"/>
  <testcase classname="com.shop.tests.RegisterPageTest" name="checkNewsLetter" time="0.113"/>
  <testcase classname="com.shop.tests.RegisterPageTest" name="checkPrivacypolicy" time="0.115"/>
  <testcase classname="com.shop.tests.RegisterPageTest" name="continueSearchPage" time="0.702"/>
</testsuite> <!-- com.shop.tests.RegisterPageTest -->
